{
  "C:/Users/arthu/Sites/6poll/packages/api/polls\\index.js": {
    "path": "C:/Users/arthu/Sites/6poll/packages/api/polls\\index.js",
    "statementMap": {
      "0": {
        "start": {
          "line": 1,
          "column": 13
        },
        "end": {
          "line": 1,
          "column": 0
        }
      },
      "1": {
        "start": {
          "line": 5,
          "column": 25
        },
        "end": {
          "line": 5,
          "column": 7
        }
      },
      "2": {
        "start": {
          "line": 6,
          "column": 2
        },
        "end": {
          "line": null,
          "column": -1
        }
      },
      "3": {
        "start": {
          "line": 12,
          "column": 26
        },
        "end": {
          "line": 12,
          "column": 7
        }
      },
      "4": {
        "start": {
          "line": 13,
          "column": 2
        },
        "end": {
          "line": null,
          "column": -1
        }
      },
      "5": {
        "start": {
          "line": 19,
          "column": 23
        },
        "end": {
          "line": 19,
          "column": 7
        }
      },
      "6": {
        "start": {
          "line": 20,
          "column": 2
        },
        "end": {
          "line": null,
          "column": -1
        }
      },
      "7": {
        "start": {
          "line": 26,
          "column": 26
        },
        "end": {
          "line": 26,
          "column": 7
        }
      },
      "8": {
        "start": {
          "line": 27,
          "column": 15
        },
        "end": {
          "line": 27,
          "column": 2
        }
      },
      "9": {
        "start": {
          "line": 29,
          "column": 15
        },
        "end": {
          "line": 29,
          "column": 2
        }
      },
      "10": {
        "start": {
          "line": 31,
          "column": 2
        },
        "end": {
          "line": null,
          "column": -1
        }
      },
      "11": {
        "start": {
          "line": 37,
          "column": 26
        },
        "end": {
          "line": 37,
          "column": 7
        }
      },
      "12": {
        "start": {
          "line": 38,
          "column": 2
        },
        "end": {
          "line": null,
          "column": -1
        }
      },
      "13": {
        "start": {
          "line": 43,
          "column": 25
        },
        "end": {
          "line": 43,
          "column": 7
        }
      },
      "14": {
        "start": {
          "line": 44,
          "column": 2
        },
        "end": {
          "line": null,
          "column": -1
        }
      }
    },
    "fnMap": {
      "0": {
        "name": "(anonymous_0)",
        "decl": {
          "start": {
            "line": 5,
            "column": 25
          },
          "end": {
            "line": 5,
            "column": 26
          }
        },
        "loc": {
          "start": {
            "line": 5,
            "column": 55
          },
          "end": {
            "line": 5,
            "column": 7
          }
        }
      },
      "1": {
        "name": "(anonymous_1)",
        "decl": {
          "start": {
            "line": 12,
            "column": 26
          },
          "end": {
            "line": 12,
            "column": 27
          }
        },
        "loc": {
          "start": {
            "line": 12,
            "column": 56
          },
          "end": {
            "line": 12,
            "column": 7
          }
        }
      },
      "2": {
        "name": "(anonymous_2)",
        "decl": {
          "start": {
            "line": 19,
            "column": 23
          },
          "end": {
            "line": 19,
            "column": 24
          }
        },
        "loc": {
          "start": {
            "line": 19,
            "column": 53
          },
          "end": {
            "line": 19,
            "column": 7
          }
        }
      },
      "3": {
        "name": "(anonymous_3)",
        "decl": {
          "start": {
            "line": 26,
            "column": 26
          },
          "end": {
            "line": 26,
            "column": 27
          }
        },
        "loc": {
          "start": {
            "line": 26,
            "column": 56
          },
          "end": {
            "line": 26,
            "column": 7
          }
        }
      },
      "4": {
        "name": "(anonymous_4)",
        "decl": {
          "start": {
            "line": 37,
            "column": 26
          },
          "end": {
            "line": 37,
            "column": 27
          }
        },
        "loc": {
          "start": {
            "line": 37,
            "column": 56
          },
          "end": {
            "line": 37,
            "column": 7
          }
        }
      },
      "5": {
        "name": "(anonymous_5)",
        "decl": {
          "start": {
            "line": 43,
            "column": 25
          },
          "end": {
            "line": 43,
            "column": 26
          }
        },
        "loc": {
          "start": {
            "line": 43,
            "column": 55
          },
          "end": {
            "line": 43,
            "column": 7
          }
        }
      }
    },
    "branchMap": {},
    "s": {
      "0": 5,
      "1": 5,
      "2": 1,
      "3": 5,
      "4": 1,
      "5": 5,
      "6": 1,
      "7": 5,
      "8": 1,
      "9": 1,
      "10": 1,
      "11": 5,
      "12": 1,
      "13": 5,
      "14": 0
    },
    "f": {
      "0": 1,
      "1": 1,
      "2": 1,
      "3": 1,
      "4": 1,
      "5": 0
    },
    "b": {}
  }
}